2026-02-19 15:39:39 INFO     [lazy_logger.py:get:82] ======================================================================
2026-02-19 15:39:39 INFO     [lazy_logger.py:get:83] ✅ Secure Logger | Env: development | Level: INFO
2026-02-19 15:39:39 INFO     [lazy_logger.py:get:84] ⏰ UTC: 2026-02-19T07:39:39.516928+00:00
2026-02-19 15:39:39 INFO     [lazy_logger.py:get:85] ======================================================================
2026-02-19 15:39:40 INFO     [demo_log_generation.py:generate_main_logs:48] Info message: Application started successfully
2026-02-19 15:39:40 WARNING  [demo_log_generation.py:generate_main_logs:49] Warning message: Disk usage is high
2026-02-19 15:39:40 ERROR    [demo_log_generation.py:generate_main_logs:50] Error message: Database connection failed
2026-02-19 15:39:40 CRITICAL [demo_log_generation.py:generate_main_logs:51] Critical message: System failure detected
2026-02-19 15:39:40 INFO     [demo_log_generation.py:generate_main_logs:57] User 865 performed delete_account
2026-02-19 15:39:40 INFO     [demo_log_generation.py:generate_main_logs:57] User 647 performed login
2026-02-19 15:39:40 INFO     [demo_log_generation.py:generate_main_logs:57] User 398 performed login
2026-02-19 15:39:41 ERROR    [components.py:log_exception:240] Exception in test_error_0: Test exception: Database connection timeout Traceback: Traceback (most recent call last):
  File "e:\Code\auto_test\src\utils\logger\demo_log_generation.py", line 196, in generate_error_logs
    raise ValueError(f"Test exception: {error_message}")
ValueError: Test exception: Database connection timeout

2026-02-19 15:39:41 ERROR    [components.py:log_exception:240] Exception in test_error_1: Test exception: File not found Traceback: Traceback (most recent call last):
  File "e:\Code\auto_test\src\utils\logger\demo_log_generation.py", line 196, in generate_error_logs
    raise ValueError(f"Test exception: {error_message}")
ValueError: Test exception: File not found

2026-02-19 15:39:41 ERROR    [components.py:log_exception:240] Exception in test_error_2: Test exception: Database connection timeout Traceback: Traceback (most recent call last):
  File "e:\Code\auto_test\src\utils\logger\demo_log_generation.py", line 196, in generate_error_logs
    raise ValueError(f"Test exception: {error_message}")
ValueError: Test exception: Database connection timeout

2026-02-19 15:39:41 ERROR    [components.py:log_exception:240] Exception in test_error_4: Test exception: Invalid input parameters Traceback: Traceback (most recent call last):
  File "e:\Code\auto_test\src\utils\logger\demo_log_generation.py", line 196, in generate_error_logs
    raise ValueError(f"Test exception: {error_message}")
ValueError: Test exception: Invalid input parameters

2026-02-19 15:48:27 INFO     [lazy_logger.py:get:82] ======================================================================
2026-02-19 15:48:27 INFO     [lazy_logger.py:get:83] ✅ Secure Logger | Env: development | Level: INFO
2026-02-19 15:48:27 INFO     [lazy_logger.py:get:84] ⏰ UTC: 2026-02-19T07:48:27.737260+00:00
2026-02-19 15:48:27 INFO     [lazy_logger.py:get:85] ======================================================================
2026-02-19 15:52:03 INFO     [lazy_logger.py:get:82] ======================================================================
2026-02-19 15:52:03 INFO     [lazy_logger.py:get:83] ✅ Secure Logger | Env: development | Level: INFO
2026-02-19 15:52:03 INFO     [lazy_logger.py:get:84] ⏰ UTC: 2026-02-19T07:52:03.390933+00:00
2026-02-19 15:52:03 INFO     [lazy_logger.py:get:85] ======================================================================
2026-02-19 15:52:25 INFO     [lazy_logger.py:get:82] ======================================================================
2026-02-19 15:52:25 INFO     [lazy_logger.py:get:83] ✅ Secure Logger | Env: development | Level: INFO
2026-02-19 15:52:25 INFO     [lazy_logger.py:get:84] ⏰ UTC: 2026-02-19T07:52:25.989014+00:00
2026-02-19 15:52:25 INFO     [lazy_logger.py:get:85] ======================================================================
2026-02-19 15:53:01 INFO     [lazy_logger.py:get:82] ======================================================================
2026-02-19 15:53:01 INFO     [lazy_logger.py:get:83] ✅ Secure Logger | Env: development | Level: INFO
2026-02-19 15:53:01 INFO     [lazy_logger.py:get:84] ⏰ UTC: 2026-02-19T07:53:01.496713+00:00
2026-02-19 15:53:01 INFO     [lazy_logger.py:get:85] ======================================================================
2026-02-19 15:53:22 INFO     [lazy_logger.py:get:82] ======================================================================
2026-02-19 15:53:22 INFO     [lazy_logger.py:get:83] ✅ Secure Logger | Env: development | Level: INFO
2026-02-19 15:53:22 INFO     [lazy_logger.py:get:84] ⏰ UTC: 2026-02-19T07:53:22.013552+00:00
2026-02-19 15:53:22 INFO     [lazy_logger.py:get:85] ======================================================================
2026-02-19 15:53:57 INFO     [lazy_logger.py:get:82] ======================================================================
2026-02-19 15:53:57 INFO     [lazy_logger.py:get:83] ✅ Secure Logger | Env: development | Level: INFO
2026-02-19 15:53:57 INFO     [lazy_logger.py:get:84] ⏰ UTC: 2026-02-19T07:53:57.330204+00:00
2026-02-19 15:53:57 INFO     [lazy_logger.py:get:85] ======================================================================
2026-02-19 16:01:23 INFO     [lazy_logger.py:get:82] ======================================================================
2026-02-19 16:01:23 INFO     [lazy_logger.py:get:83] ✅ Secure Logger | Env: development | Level: INFO
2026-02-19 16:01:23 INFO     [lazy_logger.py:get:84] ⏰ UTC: 2026-02-19T08:01:23.315671+00:00
2026-02-19 16:01:23 INFO     [lazy_logger.py:get:85] ======================================================================
2026-02-19 16:02:12 INFO     [lazy_logger.py:get:82] ======================================================================
2026-02-19 16:02:12 INFO     [lazy_logger.py:get:83] ✅ Secure Logger | Env: development | Level: INFO
2026-02-19 16:02:12 INFO     [lazy_logger.py:get:84] ⏰ UTC: 2026-02-19T08:02:12.167429+00:00
2026-02-19 16:02:12 INFO     [lazy_logger.py:get:85] ======================================================================
2026-02-19 16:08:00 INFO     [lazy_logger.py:get:82] ======================================================================
2026-02-19 16:08:00 INFO     [lazy_logger.py:get:83] ✅ Secure Logger | Env: development | Level: INFO
2026-02-19 16:08:00 INFO     [lazy_logger.py:get:84] ⏰ UTC: 2026-02-19T08:08:00.852020+00:00
2026-02-19 16:08:00 INFO     [lazy_logger.py:get:85] ======================================================================
2026-02-19 16:08:44 INFO     [lazy_logger.py:get:82] ======================================================================
2026-02-19 16:08:44 INFO     [lazy_logger.py:get:83] ✅ Secure Logger | Env: development | Level: INFO
2026-02-19 16:08:44 INFO     [lazy_logger.py:get:84] ⏰ UTC: 2026-02-19T08:08:44.436514+00:00
2026-02-19 16:08:44 INFO     [lazy_logger.py:get:85] ======================================================================
2026-02-19 16:08:59 INFO     [lazy_logger.py:get:82] ======================================================================
2026-02-19 16:08:59 INFO     [lazy_logger.py:get:83] ✅ Secure Logger | Env: development | Level: INFO
2026-02-19 16:08:59 INFO     [lazy_logger.py:get:84] ⏰ UTC: 2026-02-19T08:08:59.660216+00:00
2026-02-19 16:08:59 INFO     [lazy_logger.py:get:85] ======================================================================
2026-02-19 16:09:37 INFO     [lazy_logger.py:get:82] ======================================================================
2026-02-19 16:09:37 INFO     [lazy_logger.py:get:83] ✅ Secure Logger | Env: development | Level: INFO
2026-02-19 16:09:37 INFO     [lazy_logger.py:get:84] ⏰ UTC: 2026-02-19T08:09:37.819291+00:00
2026-02-19 16:09:37 INFO     [lazy_logger.py:get:85] ======================================================================
2026-02-19 16:12:28 INFO     [lazy_logger.py:get:82] ======================================================================
2026-02-19 16:12:28 INFO     [lazy_logger.py:get:83] ✅ Secure Logger | Env: dev | Level: INFO
2026-02-19 16:12:28 INFO     [lazy_logger.py:get:84] ⏰ UTC: 2026-02-19T08:12:28.185701+00:00
2026-02-19 16:12:28 INFO     [lazy_logger.py:get:85] ======================================================================
2026-02-19 16:12:52 INFO     [lazy_logger.py:get:82] ======================================================================
2026-02-19 16:12:52 INFO     [lazy_logger.py:get:83] ✅ Secure Logger | Env: development | Level: INFO
2026-02-19 16:12:52 INFO     [lazy_logger.py:get:84] ⏰ UTC: 2026-02-19T08:12:52.354320+00:00
2026-02-19 16:12:52 INFO     [lazy_logger.py:get:85] ======================================================================
2026-02-19 16:14:00 INFO     [lazy_logger.py:get:82] ======================================================================
2026-02-19 16:14:00 INFO     [lazy_logger.py:get:83] ✅ Secure Logger | Env: development | Level: INFO
2026-02-19 16:14:00 INFO     [lazy_logger.py:get:84] ⏰ UTC: 2026-02-19T08:14:00.505017+00:00
2026-02-19 16:14:00 INFO     [lazy_logger.py:get:85] ======================================================================
2026-02-19 16:15:24 INFO     [lazy_logger.py:get:82] ======================================================================
2026-02-19 16:15:24 INFO     [lazy_logger.py:get:83] ✅ Secure Logger | Env: development | Level: INFO
2026-02-19 16:15:24 INFO     [lazy_logger.py:get:84] ⏰ UTC: 2026-02-19T08:15:24.530604+00:00
2026-02-19 16:15:24 INFO     [lazy_logger.py:get:85] ======================================================================
2026-02-19 16:51:04 INFO     [lazy_logger.py:get:82] ======================================================================
2026-02-19 16:51:04 INFO     [lazy_logger.py:get:83] ✅ Secure Logger | Env: dev | Level: INFO
2026-02-19 16:51:04 INFO     [lazy_logger.py:get:84] ⏰ UTC: 2026-02-19T08:51:04.319205+00:00
2026-02-19 16:51:04 INFO     [lazy_logger.py:get:85] ======================================================================
2026-02-19 16:52:11 INFO     [lazy_logger.py:get:82] ======================================================================
2026-02-19 16:52:11 INFO     [lazy_logger.py:get:83] ✅ Secure Logger | Env: dev | Level: INFO
2026-02-19 16:52:11 INFO     [lazy_logger.py:get:84] ⏰ UTC: 2026-02-19T08:52:11.571819+00:00
2026-02-19 16:52:11 INFO     [lazy_logger.py:get:85] ======================================================================
2026-02-19 16:52:33 INFO     [lazy_logger.py:get:82] ======================================================================
2026-02-19 16:52:33 INFO     [lazy_logger.py:get:83] ✅ Secure Logger | Env: dev | Level: INFO
2026-02-19 16:52:33 INFO     [lazy_logger.py:get:84] ⏰ UTC: 2026-02-19T08:52:33.938517+00:00
2026-02-19 16:52:33 INFO     [lazy_logger.py:get:85] ======================================================================
2026-02-19 16:54:10 INFO     [lazy_logger.py:get:82] ======================================================================
2026-02-19 16:54:10 INFO     [lazy_logger.py:get:83] ✅ Secure Logger | Env: dev | Level: INFO
2026-02-19 16:54:10 INFO     [lazy_logger.py:get:84] ⏰ UTC: 2026-02-19T08:54:10.966906+00:00
2026-02-19 16:54:10 INFO     [lazy_logger.py:get:85] ======================================================================
2026-02-19 17:03:31 INFO     [lazy_logger.py:get:82] ======================================================================
2026-02-19 17:03:31 INFO     [lazy_logger.py:get:83] ✅ Secure Logger | Env: development | Level: INFO
2026-02-19 17:03:31 INFO     [lazy_logger.py:get:84] ⏰ UTC: 2026-02-19T09:03:31.992723+00:00
2026-02-19 17:03:31 INFO     [lazy_logger.py:get:85] ======================================================================
2026-02-19 20:42:09 INFO     [lazy_logger.py:get:82] ======================================================================
2026-02-19 20:42:09 INFO     [lazy_logger.py:get:83] ✅ Secure Logger | Env: development | Level: INFO
2026-02-19 20:42:09 INFO     [lazy_logger.py:get:84] ⏰ UTC: 2026-02-19T12:42:09.979217+00:00
2026-02-19 20:42:09 INFO     [lazy_logger.py:get:85] ======================================================================
2026-02-19 20:42:19 INFO     [screenshot_helper_copy.py:take_screenshot:403] Screenshot saved: E:\Code\auto_test\output\screenshots\homepage1.png (124434 bytes)
2026-02-19 20:42:19 INFO     [screenshot_helper_copy.py:take_screenshot:403] Screenshot saved: E:\Code\auto_test\output\screenshots\full_page1.png (137450 bytes)
2026-02-19 20:42:19 INFO     [screenshot_helper_copy.py:take_screenshot:403] Screenshot saved: E:\Code\auto_test\output\screenshots\main_content.png (23533 bytes)
2026-02-19 20:45:42 INFO     [lazy_logger.py:get:82] ======================================================================
2026-02-19 20:45:42 INFO     [lazy_logger.py:get:83] ✅ Secure Logger | Env: development | Level: INFO
2026-02-19 20:45:42 INFO     [lazy_logger.py:get:84] ⏰ UTC: 2026-02-19T12:45:42.002160+00:00
2026-02-19 20:45:42 INFO     [lazy_logger.py:get:85] ======================================================================
2026-02-19 20:45:45 INFO     [screenshot_helper.py:take_screenshot:404] Screenshot saved: E:\Code\auto_test\output\screenshots\homepage.png (157859 bytes)
2026-02-19 20:45:45 INFO     [screenshot_helper.py:take_screenshot:404] Screenshot saved: E:\Code\auto_test\output\screenshots\full_page.png (166112 bytes)
2026-02-19 20:45:45 INFO     [screenshot_helper.py:take_screenshot:404] Screenshot saved: E:\Code\auto_test\output\screenshots\main_content.png (20325 bytes)
2026-02-19 20:57:20 INFO     [lazy_logger.py:get:82] ======================================================================
2026-02-19 20:57:20 INFO     [lazy_logger.py:get:83] ✅ Secure Logger | Env: development | Level: INFO
2026-02-19 20:57:20 INFO     [lazy_logger.py:get:84] ⏰ UTC: 2026-02-19T12:57:20.863085+00:00
2026-02-19 20:57:20 INFO     [lazy_logger.py:get:85] ======================================================================
2026-02-19 20:57:25 INFO     [screenshot_helper.py:take_screenshot:349] Screenshot saved: E:\Code\auto_test\output\screenshots\homepage.png (142169 bytes)
2026-02-19 20:57:25 INFO     [screenshot_helper.py:take_screenshot:349] Screenshot saved: E:\Code\auto_test\output\screenshots\full_page.png (155658 bytes)
2026-02-19 20:57:25 INFO     [screenshot_helper.py:take_screenshot:349] Screenshot saved: E:\Code\auto_test\output\screenshots\main_content1.png (26957 bytes)
2026-02-19 21:02:48 INFO     [lazy_logger.py:get:82] ======================================================================
2026-02-19 21:02:48 INFO     [lazy_logger.py:get:83] ✅ Secure Logger | Env: development | Level: INFO
2026-02-19 21:02:48 INFO     [lazy_logger.py:get:84] ⏰ UTC: 2026-02-19T13:02:48.032830+00:00
2026-02-19 21:02:48 INFO     [lazy_logger.py:get:85] ======================================================================
2026-02-19 21:02:49 INFO     [screenshot_helper.py:take_screenshot:349] Screenshot saved: E:\Code\auto_test\output\screenshots\viewport_demo.png (13556 bytes)
2026-02-19 21:02:49 INFO     [screenshot_helper.py:take_screenshot:349] Screenshot saved: E:\Code\auto_test\output\screenshots\fullpage_demo.png (13556 bytes)
2026-02-19 21:02:49 INFO     [screenshot_helper.py:take_screenshot:349] Screenshot saved: E:\Code\auto_test\output\screenshots\quality_demo.jpeg (16878 bytes)
2026-02-19 21:02:49 INFO     [screenshot_helper.py:take_screenshot:349] Screenshot saved: E:\Code\auto_test\output\screenshots\element_h1.png (3185 bytes)
2026-02-19 21:02:49 WARNING  [screenshot_helper.py:_highlight_element_handle:449] Failed to highlight element: Page.evaluate() takes from 2 to 3 positional arguments but 6 were given
2026-02-19 21:02:50 INFO     [screenshot_helper.py:take_screenshot:349] Screenshot saved: E:\Code\auto_test\output\screenshots\highlighted_h1.png (3185 bytes)
2026-02-19 21:02:50 WARNING  [screenshot_helper.py:_highlight_element_handle:449] Failed to highlight element: Page.evaluate() takes from 2 to 3 positional arguments but 6 were given
2026-02-19 21:02:50 INFO     [screenshot_helper.py:take_screenshot:349] Screenshot saved: E:\Code\auto_test\output\screenshots\context_highlight.png (13556 bytes)
2026-02-19 21:02:50 WARNING  [screenshot_helper.py:_highlight_element_handle:449] Failed to highlight element: Page.evaluate() takes from 2 to 3 positional arguments but 6 were given
2026-02-19 21:02:51 INFO     [screenshot_helper.py:take_screenshot:349] Screenshot saved: E:\Code\auto_test\output\screenshots\annotated_text.png (13556 bytes)
2026-02-19 21:02:51 INFO     [screenshot_helper.py:annotate_screenshot:658] Annotated screenshot saved: E:\Code\auto_test\output\screenshots\annotated_text.png
2026-02-19 21:02:51 INFO     [screenshot_helper.py:take_screenshot:349] Screenshot saved: E:\Code\auto_test\output\screenshots\annotated_rectangle.png (13556 bytes)
2026-02-19 21:02:51 INFO     [screenshot_helper.py:annotate_screenshot:658] Annotated screenshot saved: E:\Code\auto_test\output\screenshots\annotated_rectangle.png
2026-02-19 21:02:51 INFO     [screenshot_helper.py:take_screenshot:349] Screenshot saved: E:\Code\auto_test\output\screenshots\annotated_arrow.png (13556 bytes)
2026-02-19 21:02:51 INFO     [screenshot_helper.py:annotate_screenshot:658] Annotated screenshot saved: E:\Code\auto_test\output\screenshots\annotated_arrow.png
2026-02-19 21:02:51 INFO     [screenshot_helper.py:take_screenshot:349] Screenshot saved: E:\Code\auto_test\output\screenshots\compare_base.png (13556 bytes)
2026-02-19 21:02:51 INFO     [screenshot_helper.py:take_screenshot:349] Screenshot saved: E:\Code\auto_test\output\screenshots\compare_current.png (13556 bytes)
2026-02-19 21:02:51 INFO     [screenshot_helper.py:export_history:831] Exported 11 screenshot records to output\screenshots\history.json
2026-02-19 21:02:51 INFO     [screenshot_helper.py:take_screenshot:349] Screenshot saved: E:\Code\auto_test\output\screenshots\quick_shot.png (13556 bytes)
2026-02-19 21:02:51 WARNING  [screenshot_helper.py:_highlight_element_handle:449] Failed to highlight element: Page.evaluate() takes from 2 to 3 positional arguments but 6 were given
2026-02-19 21:02:52 INFO     [screenshot_helper.py:take_screenshot:349] Screenshot saved: E:\Code\auto_test\output\screenshots\quick_highlight.png (3185 bytes)
2026-02-19 21:02:52 INFO     [screenshot_helper.py:cleanup_screenshots:790] Cleaned up 10 screenshots from E:\Code\auto_test\output\screenshots
2026-02-19 21:03:03 INFO     [lazy_logger.py:get:82] ======================================================================
2026-02-19 21:03:03 INFO     [lazy_logger.py:get:83] ✅ Secure Logger | Env: development | Level: INFO
2026-02-19 21:03:03 INFO     [lazy_logger.py:get:84] ⏰ UTC: 2026-02-19T13:03:03.856381+00:00
2026-02-19 21:03:03 INFO     [lazy_logger.py:get:85] ======================================================================
2026-02-19 21:03:26 INFO     [lazy_logger.py:get:82] ======================================================================
2026-02-19 21:03:26 INFO     [lazy_logger.py:get:83] ✅ Secure Logger | Env: development | Level: INFO
2026-02-19 21:03:26 INFO     [lazy_logger.py:get:84] ⏰ UTC: 2026-02-19T13:03:26.044021+00:00
2026-02-19 21:03:26 INFO     [lazy_logger.py:get:85] ======================================================================
2026-02-19 21:03:27 INFO     [screenshot_helper.py:take_screenshot:349] Screenshot saved: E:\Code\auto_test\output\screenshots\viewport_demo.png (13556 bytes)
2026-02-19 21:03:27 INFO     [screenshot_helper.py:take_screenshot:349] Screenshot saved: E:\Code\auto_test\output\screenshots\fullpage_demo.png (13556 bytes)
2026-02-19 21:03:27 INFO     [screenshot_helper.py:take_screenshot:349] Screenshot saved: E:\Code\auto_test\output\screenshots\quality_demo.jpeg (16878 bytes)
2026-02-19 21:03:27 INFO     [screenshot_helper.py:take_screenshot:349] Screenshot saved: E:\Code\auto_test\output\screenshots\element_h1.png (3185 bytes)
2026-02-19 21:03:27 WARNING  [screenshot_helper.py:_highlight_element_handle:449] Failed to highlight element: Page.evaluate() takes from 2 to 3 positional arguments but 6 were given
2026-02-19 21:03:28 INFO     [screenshot_helper.py:take_screenshot:349] Screenshot saved: E:\Code\auto_test\output\screenshots\highlighted_h1.png (3185 bytes)
2026-02-19 21:03:28 WARNING  [screenshot_helper.py:_highlight_element_handle:449] Failed to highlight element: Page.evaluate() takes from 2 to 3 positional arguments but 6 were given
2026-02-19 21:03:28 INFO     [screenshot_helper.py:take_screenshot:349] Screenshot saved: E:\Code\auto_test\output\screenshots\context_highlight.png (13556 bytes)
2026-02-19 21:03:28 WARNING  [screenshot_helper.py:_highlight_element_handle:449] Failed to highlight element: Page.evaluate() takes from 2 to 3 positional arguments but 6 were given
2026-02-19 21:03:29 INFO     [screenshot_helper.py:take_screenshot:349] Screenshot saved: E:\Code\auto_test\output\screenshots\annotated_text.png (13556 bytes)
2026-02-19 21:03:29 INFO     [screenshot_helper.py:annotate_screenshot:658] Annotated screenshot saved: E:\Code\auto_test\output\screenshots\annotated_text.png
2026-02-19 21:03:29 INFO     [screenshot_helper.py:take_screenshot:349] Screenshot saved: E:\Code\auto_test\output\screenshots\annotated_rectangle.png (13556 bytes)
2026-02-19 21:03:29 INFO     [screenshot_helper.py:annotate_screenshot:658] Annotated screenshot saved: E:\Code\auto_test\output\screenshots\annotated_rectangle.png
2026-02-19 21:03:29 INFO     [screenshot_helper.py:take_screenshot:349] Screenshot saved: E:\Code\auto_test\output\screenshots\annotated_arrow.png (13556 bytes)
2026-02-19 21:03:29 INFO     [screenshot_helper.py:annotate_screenshot:658] Annotated screenshot saved: E:\Code\auto_test\output\screenshots\annotated_arrow.png
2026-02-19 21:03:29 INFO     [screenshot_helper.py:take_screenshot:349] Screenshot saved: E:\Code\auto_test\output\screenshots\compare_base.png (13556 bytes)
2026-02-19 21:03:29 INFO     [screenshot_helper.py:take_screenshot:349] Screenshot saved: E:\Code\auto_test\output\screenshots\compare_current.png (13556 bytes)
2026-02-19 21:03:29 INFO     [screenshot_helper.py:export_history:831] Exported 11 screenshot records to output\screenshots\history.json
2026-02-19 21:03:29 INFO     [screenshot_helper.py:take_screenshot:349] Screenshot saved: E:\Code\auto_test\output\screenshots\quick_shot.png (13556 bytes)
2026-02-19 21:03:29 WARNING  [screenshot_helper.py:_highlight_element_handle:449] Failed to highlight element: Page.evaluate() takes from 2 to 3 positional arguments but 6 were given
2026-02-19 21:03:30 INFO     [screenshot_helper.py:take_screenshot:349] Screenshot saved: E:\Code\auto_test\output\screenshots\quick_highlight.png (3185 bytes)
2026-02-19 21:03:30 INFO     [screenshot_helper.py:cleanup_screenshots:790] Cleaned up 3 screenshots from E:\Code\auto_test\output\screenshots
2026-02-19 21:08:19 INFO     [lazy_logger.py:get:82] ======================================================================
2026-02-19 21:08:19 INFO     [lazy_logger.py:get:83] ✅ Secure Logger | Env: development | Level: INFO
2026-02-19 21:08:19 INFO     [lazy_logger.py:get:84] ⏰ UTC: 2026-02-19T13:08:19.912714+00:00
2026-02-19 21:08:19 INFO     [lazy_logger.py:get:85] ======================================================================
2026-02-19 21:08:21 INFO     [screenshot_helper.py:take_screenshot:349] Screenshot saved: E:\Code\auto_test\output\screenshots\viewport_demo.png (139149 bytes)
2026-02-19 21:08:21 INFO     [screenshot_helper.py:take_screenshot:349] Screenshot saved: E:\Code\auto_test\output\screenshots\fullpage_demo.png (147472 bytes)
2026-02-19 21:08:21 INFO     [screenshot_helper.py:take_screenshot:349] Screenshot saved: E:\Code\auto_test\output\screenshots\quality_demo.jpeg (64075 bytes)
2026-02-19 21:08:26 ERROR    [screenshot_helper.py:_capture_screenshot_bytes:263] Screenshot capture failed (type=element): Locator.element_handle: Timeout 5000ms exceeded. Call log:   - waiting for locator("h1") 
Traceback (most recent call last):
  File "e:\Code\auto_test\src\utils\screenshot_helper.py", line 240, in _capture_screenshot_bytes
    element = selector if isinstance(selector, ElementHandle) else locator.element_handle(timeout=timeout)
                                                                   ~~~~~~~~~~~~~~~~~~~~~~^^^^^^^^^^^^^^^^^
  File "E:\Code\auto_test\.venv\Lib\site-packages\playwright\sync_api\_generated.py", line 16601, in element_handle
    self._sync(self._impl_obj.element_handle(timeout=timeout))
    ~~~~~~~~~~^^^^^^^^^^^^^^^^^^^^^^^^^^^^^^^^^^^^^^^^^^^^^^^^
  File "E:\Code\auto_test\.venv\Lib\site-packages\playwright\_impl\_sync_base.py", line 115, in _sync
    return task.result()
           ~~~~~~~~~~~^^
  File "E:\Code\auto_test\.venv\Lib\site-packages\playwright\_impl\_locator.py", line 319, in element_handle
    handle = await self._frame.wait_for_selector(
             ^^^^^^^^^^^^^^^^^^^^^^^^^^^^^^^^^^^^
        self._selector, strict=True, state="attached", **params
        ^^^^^^^^^^^^^^^^^^^^^^^^^^^^^^^^^^^^^^^^^^^^^^^^^^^^^^^
    )
    ^
  File "E:\Code\auto_test\.venv\Lib\site-packages\playwright\_impl\_frame.py", line 369, in wait_for_selector
    await self._channel.send(
        "waitForSelector", self._timeout, locals_to_params(locals())
    )
  File "E:\Code\auto_test\.venv\Lib\site-packages\playwright\_impl\_connection.py", line 69, in send
    return await self._connection.wrap_api_call(
           ^^^^^^^^^^^^^^^^^^^^^^^^^^^^^^^^^^^^^
    ...<3 lines>...
    )
    ^
  File "E:\Code\auto_test\.venv\Lib\site-packages\playwright\_impl\_connection.py", line 559, in wrap_api_call
    raise rewrite_error(error, f"{parsed_st['apiName']}: {error}") from None
playwright._impl._errors.TimeoutError: Locator.element_handle: Timeout 5000ms exceeded.
Call log:
  - waiting for locator("h1")

2026-02-19 21:08:31 WARNING  [screenshot_helper.py:highlight_element:474] Failed to highlight element: Locator.wait_for: Timeout 5000ms exceeded. Call log:   - waiting for locator("h1") to be visible 
2026-02-19 21:08:37 ERROR    [screenshot_helper.py:_capture_screenshot_bytes:263] Screenshot capture failed (type=element): Locator.element_handle: Timeout 5000ms exceeded. Call log:   - waiting for locator("h1") 
Traceback (most recent call last):
  File "e:\Code\auto_test\src\utils\screenshot_helper.py", line 240, in _capture_screenshot_bytes
    element = selector if isinstance(selector, ElementHandle) else locator.element_handle(timeout=timeout)
                                                                   ~~~~~~~~~~~~~~~~~~~~~~^^^^^^^^^^^^^^^^^
  File "E:\Code\auto_test\.venv\Lib\site-packages\playwright\sync_api\_generated.py", line 16601, in element_handle
    self._sync(self._impl_obj.element_handle(timeout=timeout))
    ~~~~~~~~~~^^^^^^^^^^^^^^^^^^^^^^^^^^^^^^^^^^^^^^^^^^^^^^^^
  File "E:\Code\auto_test\.venv\Lib\site-packages\playwright\_impl\_sync_base.py", line 115, in _sync
    return task.result()
           ~~~~~~~~~~~^^
  File "E:\Code\auto_test\.venv\Lib\site-packages\playwright\_impl\_locator.py", line 319, in element_handle
    handle = await self._frame.wait_for_selector(
             ^^^^^^^^^^^^^^^^^^^^^^^^^^^^^^^^^^^^
        self._selector, strict=True, state="attached", **params
        ^^^^^^^^^^^^^^^^^^^^^^^^^^^^^^^^^^^^^^^^^^^^^^^^^^^^^^^
    )
    ^
  File "E:\Code\auto_test\.venv\Lib\site-packages\playwright\_impl\_frame.py", line 369, in wait_for_selector
    await self._channel.send(
        "waitForSelector", self._timeout, locals_to_params(locals())
    )
  File "E:\Code\auto_test\.venv\Lib\site-packages\playwright\_impl\_connection.py", line 69, in send
    return await self._connection.wrap_api_call(
           ^^^^^^^^^^^^^^^^^^^^^^^^^^^^^^^^^^^^^
    ...<3 lines>...
    )
    ^
  File "E:\Code\auto_test\.venv\Lib\site-packages\playwright\_impl\_connection.py", line 559, in wrap_api_call
    raise rewrite_error(error, f"{parsed_st['apiName']}: {error}") from None
playwright._impl._errors.TimeoutError: Locator.element_handle: Timeout 5000ms exceeded.
Call log:
  - waiting for locator("h1")

2026-02-19 21:08:41 WARNING  [screenshot_helper.py:highlight_element:474] Failed to highlight element: Locator.wait_for: Target page, context or browser has been closed Call log:   - waiting for locator("h1") to be visible 
2026-02-19 21:08:41 WARNING  [screenshot_helper.py:remove_highlight:523] Failed to remove highlight: Page.evaluate: Target page, context or browser has been closed
2026-02-19 21:08:41 WARNING  [screenshot_helper.py:highlight_element:474] Failed to highlight element: Locator.wait_for: Target page, context or browser has been closed
2026-02-19 21:08:41 ERROR    [screenshot_helper.py:_capture_screenshot_bytes:263] Screenshot capture failed (type=viewport): Page.screenshot: Target page, context or browser has been closed
Traceback (most recent call last):
  File "e:\Code\auto_test\src\utils\screenshot_helper.py", line 234, in _capture_screenshot_bytes
    return self.page.screenshot(**screenshot_options)
           ~~~~~~~~~~~~~~~~~~~~^^^^^^^^^^^^^^^^^^^^^^
  File "E:\Code\auto_test\.venv\Lib\site-packages\playwright\sync_api\_generated.py", line 9819, in screenshot
    self._sync(
    ~~~~~~~~~~^
        self._impl_obj.screenshot(
        ^^^^^^^^^^^^^^^^^^^^^^^^^^
    ...<13 lines>...
        )
        ^
    )
    ^
  File "E:\Code\auto_test\.venv\Lib\site-packages\playwright\_impl\_sync_base.py", line 115, in _sync
    return task.result()
           ~~~~~~~~~~~^^
  File "E:\Code\auto_test\.venv\Lib\site-packages\playwright\_impl\_page.py", line 814, in screenshot
    encoded_binary = await self._channel.send(
                     ^^^^^^^^^^^^^^^^^^^^^^^^^
        "screenshot", self._timeout_settings.timeout, params
        ^^^^^^^^^^^^^^^^^^^^^^^^^^^^^^^^^^^^^^^^^^^^^^^^^^^^
    )
    ^
  File "E:\Code\auto_test\.venv\Lib\site-packages\playwright\_impl\_connection.py", line 69, in send
    return await self._connection.wrap_api_call(
           ^^^^^^^^^^^^^^^^^^^^^^^^^^^^^^^^^^^^^
    ...<3 lines>...
    )
    ^
  File "E:\Code\auto_test\.venv\Lib\site-packages\playwright\_impl\_connection.py", line 559, in wrap_api_call
    raise rewrite_error(error, f"{parsed_st['apiName']}: {error}") from None
playwright._impl._errors.TargetClosedError: Page.screenshot: Target page, context or browser has been closed
2026-02-19 21:08:41 ERROR    [screenshot_helper.py:_capture_screenshot_bytes:263] Screenshot capture failed (type=viewport): Page.screenshot: Target page, context or browser has been closed
Traceback (most recent call last):
  File "e:\Code\auto_test\src\utils\screenshot_helper.py", line 234, in _capture_screenshot_bytes
    return self.page.screenshot(**screenshot_options)
           ~~~~~~~~~~~~~~~~~~~~^^^^^^^^^^^^^^^^^^^^^^
  File "E:\Code\auto_test\.venv\Lib\site-packages\playwright\sync_api\_generated.py", line 9819, in screenshot
    self._sync(
    ~~~~~~~~~~^
        self._impl_obj.screenshot(
        ^^^^^^^^^^^^^^^^^^^^^^^^^^
    ...<13 lines>...
        )
        ^
    )
    ^
  File "E:\Code\auto_test\.venv\Lib\site-packages\playwright\_impl\_sync_base.py", line 115, in _sync
    return task.result()
           ~~~~~~~~~~~^^
  File "E:\Code\auto_test\.venv\Lib\site-packages\playwright\_impl\_page.py", line 814, in screenshot
    encoded_binary = await self._channel.send(
                     ^^^^^^^^^^^^^^^^^^^^^^^^^
        "screenshot", self._timeout_settings.timeout, params
        ^^^^^^^^^^^^^^^^^^^^^^^^^^^^^^^^^^^^^^^^^^^^^^^^^^^^
    )
    ^
  File "E:\Code\auto_test\.venv\Lib\site-packages\playwright\_impl\_connection.py", line 69, in send
    return await self._connection.wrap_api_call(
           ^^^^^^^^^^^^^^^^^^^^^^^^^^^^^^^^^^^^^
    ...<3 lines>...
    )
    ^
  File "E:\Code\auto_test\.venv\Lib\site-packages\playwright\_impl\_connection.py", line 559, in wrap_api_call
    raise rewrite_error(error, f"{parsed_st['apiName']}: {error}") from None
playwright._impl._errors.TargetClosedError: Page.screenshot: Target page, context or browser has been closed
2026-02-19 21:08:41 ERROR    [screenshot_helper.py:_capture_screenshot_bytes:263] Screenshot capture failed (type=viewport): Page.screenshot: Target page, context or browser has been closed
Traceback (most recent call last):
  File "e:\Code\auto_test\src\utils\screenshot_helper.py", line 234, in _capture_screenshot_bytes
    return self.page.screenshot(**screenshot_options)
           ~~~~~~~~~~~~~~~~~~~~^^^^^^^^^^^^^^^^^^^^^^
  File "E:\Code\auto_test\.venv\Lib\site-packages\playwright\sync_api\_generated.py", line 9819, in screenshot
    self._sync(
    ~~~~~~~~~~^
        self._impl_obj.screenshot(
        ^^^^^^^^^^^^^^^^^^^^^^^^^^
    ...<13 lines>...
        )
        ^
    )
    ^
  File "E:\Code\auto_test\.venv\Lib\site-packages\playwright\_impl\_sync_base.py", line 115, in _sync
    return task.result()
           ~~~~~~~~~~~^^
  File "E:\Code\auto_test\.venv\Lib\site-packages\playwright\_impl\_page.py", line 814, in screenshot
    encoded_binary = await self._channel.send(
                     ^^^^^^^^^^^^^^^^^^^^^^^^^
        "screenshot", self._timeout_settings.timeout, params
        ^^^^^^^^^^^^^^^^^^^^^^^^^^^^^^^^^^^^^^^^^^^^^^^^^^^^
    )
    ^
  File "E:\Code\auto_test\.venv\Lib\site-packages\playwright\_impl\_connection.py", line 69, in send
    return await self._connection.wrap_api_call(
           ^^^^^^^^^^^^^^^^^^^^^^^^^^^^^^^^^^^^^
    ...<3 lines>...
    )
    ^
  File "E:\Code\auto_test\.venv\Lib\site-packages\playwright\_impl\_connection.py", line 559, in wrap_api_call
    raise rewrite_error(error, f"{parsed_st['apiName']}: {error}") from None
playwright._impl._errors.TargetClosedError: Page.screenshot: Target page, context or browser has been closed
2026-02-19 21:08:41 ERROR    [screenshot_helper.py:_capture_screenshot_bytes:263] Screenshot capture failed (type=viewport): Page.screenshot: Target page, context or browser has been closed
Traceback (most recent call last):
  File "e:\Code\auto_test\src\utils\screenshot_helper.py", line 234, in _capture_screenshot_bytes
    return self.page.screenshot(**screenshot_options)
           ~~~~~~~~~~~~~~~~~~~~^^^^^^^^^^^^^^^^^^^^^^
  File "E:\Code\auto_test\.venv\Lib\site-packages\playwright\sync_api\_generated.py", line 9819, in screenshot
    self._sync(
    ~~~~~~~~~~^
        self._impl_obj.screenshot(
        ^^^^^^^^^^^^^^^^^^^^^^^^^^
    ...<13 lines>...
        )
        ^
    )
    ^
  File "E:\Code\auto_test\.venv\Lib\site-packages\playwright\_impl\_sync_base.py", line 115, in _sync
    return task.result()
           ~~~~~~~~~~~^^
  File "E:\Code\auto_test\.venv\Lib\site-packages\playwright\_impl\_page.py", line 814, in screenshot
    encoded_binary = await self._channel.send(
                     ^^^^^^^^^^^^^^^^^^^^^^^^^
        "screenshot", self._timeout_settings.timeout, params
        ^^^^^^^^^^^^^^^^^^^^^^^^^^^^^^^^^^^^^^^^^^^^^^^^^^^^
    )
    ^
  File "E:\Code\auto_test\.venv\Lib\site-packages\playwright\_impl\_connection.py", line 69, in send
    return await self._connection.wrap_api_call(
           ^^^^^^^^^^^^^^^^^^^^^^^^^^^^^^^^^^^^^
    ...<3 lines>...
    )
    ^
  File "E:\Code\auto_test\.venv\Lib\site-packages\playwright\_impl\_connection.py", line 559, in wrap_api_call
    raise rewrite_error(error, f"{parsed_st['apiName']}: {error}") from None
playwright._impl._errors.TargetClosedError: Page.screenshot: Target page, context or browser has been closed
2026-02-19 21:08:41 INFO     [screenshot_helper.py:export_history:831] Exported 3 screenshot records to output\screenshots\history.json
2026-02-19 21:08:41 ERROR    [screenshot_helper.py:_capture_screenshot_bytes:263] Screenshot capture failed (type=viewport): Page.screenshot: Target page, context or browser has been closed
Traceback (most recent call last):
  File "e:\Code\auto_test\src\utils\screenshot_helper.py", line 234, in _capture_screenshot_bytes
    return self.page.screenshot(**screenshot_options)
           ~~~~~~~~~~~~~~~~~~~~^^^^^^^^^^^^^^^^^^^^^^
  File "E:\Code\auto_test\.venv\Lib\site-packages\playwright\sync_api\_generated.py", line 9819, in screenshot
    self._sync(
    ~~~~~~~~~~^
        self._impl_obj.screenshot(
        ^^^^^^^^^^^^^^^^^^^^^^^^^^
    ...<13 lines>...
        )
        ^
    )
    ^
  File "E:\Code\auto_test\.venv\Lib\site-packages\playwright\_impl\_sync_base.py", line 115, in _sync
    return task.result()
           ~~~~~~~~~~~^^
  File "E:\Code\auto_test\.venv\Lib\site-packages\playwright\_impl\_page.py", line 814, in screenshot
    encoded_binary = await self._channel.send(
                     ^^^^^^^^^^^^^^^^^^^^^^^^^
        "screenshot", self._timeout_settings.timeout, params
        ^^^^^^^^^^^^^^^^^^^^^^^^^^^^^^^^^^^^^^^^^^^^^^^^^^^^
    )
    ^
  File "E:\Code\auto_test\.venv\Lib\site-packages\playwright\_impl\_connection.py", line 69, in send
    return await self._connection.wrap_api_call(
           ^^^^^^^^^^^^^^^^^^^^^^^^^^^^^^^^^^^^^
    ...<3 lines>...
    )
    ^
  File "E:\Code\auto_test\.venv\Lib\site-packages\playwright\_impl\_connection.py", line 559, in wrap_api_call
    raise rewrite_error(error, f"{parsed_st['apiName']}: {error}") from None
playwright._impl._errors.TargetClosedError: Page.screenshot: Target page, context or browser has been closed
2026-02-19 21:08:41 ERROR    [screenshot_helper.py:get_screenshot_as_base64:965] Failed to get screenshot as base64: Page.screenshot: Target page, context or browser has been closed
Traceback (most recent call last):
  File "e:\Code\auto_test\src\utils\screenshot_helper.py", line 953, in get_screenshot_as_base64
    data = self._capture_screenshot_bytes(
        screenshot_type=screenshot_type,
    ...<4 lines>...
        **kwargs
    )
  File "e:\Code\auto_test\src\utils\screenshot_helper.py", line 234, in _capture_screenshot_bytes
    return self.page.screenshot(**screenshot_options)
           ~~~~~~~~~~~~~~~~~~~~^^^^^^^^^^^^^^^^^^^^^^
  File "E:\Code\auto_test\.venv\Lib\site-packages\playwright\sync_api\_generated.py", line 9819, in screenshot
    self._sync(
    ~~~~~~~~~~^
        self._impl_obj.screenshot(
        ^^^^^^^^^^^^^^^^^^^^^^^^^^
    ...<13 lines>...
        )
        ^
    )
    ^
  File "E:\Code\auto_test\.venv\Lib\site-packages\playwright\_impl\_sync_base.py", line 115, in _sync
    return task.result()
           ~~~~~~~~~~~^^
  File "E:\Code\auto_test\.venv\Lib\site-packages\playwright\_impl\_page.py", line 814, in screenshot
    encoded_binary = await self._channel.send(
                     ^^^^^^^^^^^^^^^^^^^^^^^^^
        "screenshot", self._timeout_settings.timeout, params
        ^^^^^^^^^^^^^^^^^^^^^^^^^^^^^^^^^^^^^^^^^^^^^^^^^^^^
    )
    ^
  File "E:\Code\auto_test\.venv\Lib\site-packages\playwright\_impl\_connection.py", line 69, in send
    return await self._connection.wrap_api_call(
           ^^^^^^^^^^^^^^^^^^^^^^^^^^^^^^^^^^^^^
    ...<3 lines>...
    )
    ^
  File "E:\Code\auto_test\.venv\Lib\site-packages\playwright\_impl\_connection.py", line 559, in wrap_api_call
    raise rewrite_error(error, f"{parsed_st['apiName']}: {error}") from None
playwright._impl._errors.TargetClosedError: Page.screenshot: Target page, context or browser has been closed
2026-02-19 21:08:41 ERROR    [screenshot_helper.py:_capture_screenshot_bytes:263] Screenshot capture failed (type=viewport): Page.screenshot: Target page, context or browser has been closed
Traceback (most recent call last):
  File "e:\Code\auto_test\src\utils\screenshot_helper.py", line 234, in _capture_screenshot_bytes
    return self.page.screenshot(**screenshot_options)
           ~~~~~~~~~~~~~~~~~~~~^^^^^^^^^^^^^^^^^^^^^^
  File "E:\Code\auto_test\.venv\Lib\site-packages\playwright\sync_api\_generated.py", line 9819, in screenshot
    self._sync(
    ~~~~~~~~~~^
        self._impl_obj.screenshot(
        ^^^^^^^^^^^^^^^^^^^^^^^^^^
    ...<13 lines>...
        )
        ^
    )
    ^
  File "E:\Code\auto_test\.venv\Lib\site-packages\playwright\_impl\_sync_base.py", line 115, in _sync
    return task.result()
           ~~~~~~~~~~~^^
  File "E:\Code\auto_test\.venv\Lib\site-packages\playwright\_impl\_page.py", line 814, in screenshot
    encoded_binary = await self._channel.send(
                     ^^^^^^^^^^^^^^^^^^^^^^^^^
        "screenshot", self._timeout_settings.timeout, params
        ^^^^^^^^^^^^^^^^^^^^^^^^^^^^^^^^^^^^^^^^^^^^^^^^^^^^
    )
    ^
  File "E:\Code\auto_test\.venv\Lib\site-packages\playwright\_impl\_connection.py", line 69, in send
    return await self._connection.wrap_api_call(
           ^^^^^^^^^^^^^^^^^^^^^^^^^^^^^^^^^^^^^
    ...<3 lines>...
    )
    ^
  File "E:\Code\auto_test\.venv\Lib\site-packages\playwright\_impl\_connection.py", line 559, in wrap_api_call
    raise rewrite_error(error, f"{parsed_st['apiName']}: {error}") from None
playwright._impl._errors.TargetClosedError: Page.screenshot: Target page, context or browser has been closed
2026-02-19 21:08:41 WARNING  [screenshot_helper.py:highlight_element:474] Failed to highlight element: Locator.wait_for: Target page, context or browser has been closed
2026-02-19 21:08:41 WARNING  [screenshot_helper.py:remove_highlight:523] Failed to remove highlight: Page.evaluate: Target page, context or browser has been closed
2026-02-19 21:08:41 INFO     [screenshot_helper.py:cleanup_screenshots:790] Cleaned up 0 screenshots from E:\Code\auto_test\output\screenshots
2026-02-19 21:09:27 INFO     [lazy_logger.py:get:82] ======================================================================
2026-02-19 21:09:27 INFO     [lazy_logger.py:get:83] ✅ Secure Logger | Env: development | Level: INFO
2026-02-19 21:09:27 INFO     [lazy_logger.py:get:84] ⏰ UTC: 2026-02-19T13:09:27.749933+00:00
2026-02-19 21:09:27 INFO     [lazy_logger.py:get:85] ======================================================================
2026-02-19 21:09:34 INFO     [screenshot_helper.py:take_screenshot:349] Screenshot saved: E:\Code\auto_test\output\screenshots\viewport_demo.png (121233 bytes)
2026-02-19 21:09:34 INFO     [screenshot_helper.py:take_screenshot:349] Screenshot saved: E:\Code\auto_test\output\screenshots\fullpage_demo.png (134309 bytes)
2026-02-19 21:09:34 INFO     [screenshot_helper.py:take_screenshot:349] Screenshot saved: E:\Code\auto_test\output\screenshots\quality_demo.jpeg (62153 bytes)
2026-02-19 21:09:34 INFO     [screenshot_helper.py:take_screenshot:349] Screenshot saved: E:\Code\auto_test\output\screenshots\element_h1.png (43915 bytes)
2026-02-19 21:09:34 WARNING  [screenshot_helper.py:_highlight_element_handle:449] Failed to highlight element: Page.evaluate() takes from 2 to 3 positional arguments but 6 were given
2026-02-19 21:09:34 INFO     [screenshot_helper.py:take_screenshot:349] Screenshot saved: E:\Code\auto_test\output\screenshots\highlighted_h1.png (43907 bytes)
2026-02-19 21:09:39 WARNING  [screenshot_helper.py:highlight_element:474] Failed to highlight element: Locator.wait_for: Timeout 5000ms exceeded. Call log:   - waiting for locator("h1") to be visible 
2026-02-19 21:09:40 INFO     [screenshot_helper.py:take_screenshot:349] Screenshot saved: E:\Code\auto_test\output\screenshots\context_highlight.png (108693 bytes)
2026-02-19 21:09:45 WARNING  [screenshot_helper.py:highlight_element:474] Failed to highlight element: Locator.wait_for: Timeout 5000ms exceeded. Call log:   - waiting for locator("h1") to be visible 
2026-02-19 21:09:45 INFO     [screenshot_helper.py:take_screenshot:349] Screenshot saved: E:\Code\auto_test\output\screenshots\annotated_text.png (111912 bytes)
2026-02-19 21:09:45 INFO     [screenshot_helper.py:annotate_screenshot:658] Annotated screenshot saved: E:\Code\auto_test\output\screenshots\annotated_text.png
2026-02-19 21:09:45 INFO     [screenshot_helper.py:take_screenshot:349] Screenshot saved: E:\Code\auto_test\output\screenshots\annotated_rectangle.png (111912 bytes)
2026-02-19 21:09:45 INFO     [screenshot_helper.py:annotate_screenshot:658] Annotated screenshot saved: E:\Code\auto_test\output\screenshots\annotated_rectangle.png
2026-02-19 21:09:45 INFO     [screenshot_helper.py:take_screenshot:349] Screenshot saved: E:\Code\auto_test\output\screenshots\annotated_arrow.png (112576 bytes)
2026-02-19 21:09:46 INFO     [screenshot_helper.py:annotate_screenshot:658] Annotated screenshot saved: E:\Code\auto_test\output\screenshots\annotated_arrow.png
2026-02-19 21:09:46 INFO     [screenshot_helper.py:take_screenshot:349] Screenshot saved: E:\Code\auto_test\output\screenshots\compare_base.png (112576 bytes)
2026-02-19 21:09:46 INFO     [screenshot_helper.py:take_screenshot:349] Screenshot saved: E:\Code\auto_test\output\screenshots\compare_current.png (115068 bytes)
2026-02-19 21:09:46 INFO     [screenshot_helper.py:export_history:831] Exported 11 screenshot records to output\screenshots\history.json
2026-02-19 21:09:46 INFO     [screenshot_helper.py:take_screenshot:349] Screenshot saved: E:\Code\auto_test\output\screenshots\quick_shot.png (113395 bytes)
2026-02-19 21:09:51 WARNING  [screenshot_helper.py:highlight_element:474] Failed to highlight element: Locator.wait_for: Timeout 5000ms exceeded. Call log:   - waiting for locator("h1") to be visible 
2026-02-19 21:09:56 ERROR    [screenshot_helper.py:_capture_screenshot_bytes:263] Screenshot capture failed (type=element): Locator.element_handle: Timeout 5000ms exceeded. Call log:   - waiting for locator("h1") 
Traceback (most recent call last):
  File "e:\Code\auto_test\src\utils\screenshot_helper.py", line 240, in _capture_screenshot_bytes
    element = selector if isinstance(selector, ElementHandle) else locator.element_handle(timeout=timeout)
                                                                   ~~~~~~~~~~~~~~~~~~~~~~^^^^^^^^^^^^^^^^^
  File "E:\Code\auto_test\.venv\Lib\site-packages\playwright\sync_api\_generated.py", line 16601, in element_handle
    self._sync(self._impl_obj.element_handle(timeout=timeout))
    ~~~~~~~~~~^^^^^^^^^^^^^^^^^^^^^^^^^^^^^^^^^^^^^^^^^^^^^^^^
  File "E:\Code\auto_test\.venv\Lib\site-packages\playwright\_impl\_sync_base.py", line 115, in _sync
    return task.result()
           ~~~~~~~~~~~^^
  File "E:\Code\auto_test\.venv\Lib\site-packages\playwright\_impl\_locator.py", line 319, in element_handle
    handle = await self._frame.wait_for_selector(
             ^^^^^^^^^^^^^^^^^^^^^^^^^^^^^^^^^^^^
        self._selector, strict=True, state="attached", **params
        ^^^^^^^^^^^^^^^^^^^^^^^^^^^^^^^^^^^^^^^^^^^^^^^^^^^^^^^
    )
    ^
  File "E:\Code\auto_test\.venv\Lib\site-packages\playwright\_impl\_frame.py", line 369, in wait_for_selector
    await self._channel.send(
        "waitForSelector", self._timeout, locals_to_params(locals())
    )
  File "E:\Code\auto_test\.venv\Lib\site-packages\playwright\_impl\_connection.py", line 69, in send
    return await self._connection.wrap_api_call(
           ^^^^^^^^^^^^^^^^^^^^^^^^^^^^^^^^^^^^^
    ...<3 lines>...
    )
    ^
  File "E:\Code\auto_test\.venv\Lib\site-packages\playwright\_impl\_connection.py", line 559, in wrap_api_call
    raise rewrite_error(error, f"{parsed_st['apiName']}: {error}") from None
playwright._impl._errors.TimeoutError: Locator.element_handle: Timeout 5000ms exceeded.
Call log:
  - waiting for locator("h1")

2026-02-19 21:09:56 INFO     [screenshot_helper.py:cleanup_screenshots:790] Cleaned up 2 screenshots from E:\Code\auto_test\output\screenshots
2026-02-19 21:34:25 INFO     [lazy_logger.py:get:82] ======================================================================
2026-02-19 21:34:25 INFO     [lazy_logger.py:get:83] ✅ Secure Logger | Env: development | Level: INFO
2026-02-19 21:34:25 INFO     [lazy_logger.py:get:84] ⏰ UTC: 2026-02-19T13:34:25.790241+00:00
2026-02-19 21:34:25 INFO     [lazy_logger.py:get:85] ======================================================================
2026-02-19 21:34:27 INFO     [screenshot_helper.py:take_screenshot:349] Screenshot saved: E:\Code\auto_test\output\screenshots\viewport_demo.png (139973 bytes)
2026-02-19 21:34:27 INFO     [screenshot_helper.py:take_screenshot:349] Screenshot saved: E:\Code\auto_test\output\screenshots\fullpage_demo.png (156749 bytes)
2026-02-19 21:34:27 INFO     [screenshot_helper.py:take_screenshot:349] Screenshot saved: E:\Code\auto_test\output\screenshots\quality_demo.jpeg (64822 bytes)
2026-02-19 21:34:27 INFO     [screenshot_helper.py:take_screenshot:349] Screenshot saved: E:\Code\auto_test\output\screenshots\element_h1.png (44780 bytes)
2026-02-19 21:34:28 WARNING  [screenshot_helper.py:_highlight_element_handle:449] Failed to highlight element: Page.evaluate() takes from 2 to 3 positional arguments but 6 were given
2026-02-19 21:34:28 INFO     [screenshot_helper.py:take_screenshot:349] Screenshot saved: E:\Code\auto_test\output\screenshots\highlighted_h1.png (44697 bytes)
2026-02-19 21:34:28 WARNING  [screenshot_helper.py:_highlight_element_handle:449] Failed to highlight element: Page.evaluate() takes from 2 to 3 positional arguments but 6 were given
2026-02-19 21:34:29 INFO     [screenshot_helper.py:take_screenshot:349] Screenshot saved: E:\Code\auto_test\output\screenshots\context_highlight.png (140260 bytes)
2026-02-19 21:34:29 WARNING  [screenshot_helper.py:_highlight_element_handle:449] Failed to highlight element: Page.evaluate() takes from 2 to 3 positional arguments but 6 were given
2026-02-19 21:34:29 INFO     [screenshot_helper.py:take_screenshot:349] Screenshot saved: E:\Code\auto_test\output\screenshots\annotated_text.png (142852 bytes)
2026-02-19 21:34:29 INFO     [screenshot_helper.py:annotate_screenshot:658] Annotated screenshot saved: E:\Code\auto_test\output\screenshots\annotated_text.png
2026-02-19 21:34:29 INFO     [screenshot_helper.py:take_screenshot:349] Screenshot saved: E:\Code\auto_test\output\screenshots\annotated_rectangle.png (150715 bytes)
2026-02-19 21:34:29 INFO     [screenshot_helper.py:annotate_screenshot:658] Annotated screenshot saved: E:\Code\auto_test\output\screenshots\annotated_rectangle.png
2026-02-19 21:34:29 INFO     [screenshot_helper.py:take_screenshot:349] Screenshot saved: E:\Code\auto_test\output\screenshots\annotated_arrow.png (168644 bytes)
2026-02-19 21:34:29 INFO     [screenshot_helper.py:annotate_screenshot:658] Annotated screenshot saved: E:\Code\auto_test\output\screenshots\annotated_arrow.png
2026-02-19 21:34:29 INFO     [screenshot_helper.py:take_screenshot:349] Screenshot saved: E:\Code\auto_test\output\screenshots\compare_base.png (169589 bytes)
2026-02-19 21:34:30 INFO     [screenshot_helper.py:take_screenshot:349] Screenshot saved: E:\Code\auto_test\output\screenshots\compare_current.png (115027 bytes)
2026-02-19 21:34:30 INFO     [screenshot_helper.py:export_history:831] Exported 11 screenshot records to output\screenshots\history.json
2026-02-19 21:34:30 INFO     [screenshot_helper.py:take_screenshot:349] Screenshot saved: E:\Code\auto_test\output\screenshots\quick_shot.png (115177 bytes)
2026-02-19 21:34:30 WARNING  [screenshot_helper.py:_highlight_element_handle:449] Failed to highlight element: Page.evaluate() takes from 2 to 3 positional arguments but 6 were given
2026-02-19 21:34:30 INFO     [screenshot_helper.py:take_screenshot:349] Screenshot saved: E:\Code\auto_test\output\screenshots\quick_highlight.png (49135 bytes)
2026-02-19 21:34:30 INFO     [screenshot_helper.py:cleanup_screenshots:790] Cleaned up 4 screenshots from E:\Code\auto_test\output\screenshots
2026-02-19 21:48:45 INFO     [lazy_logger.py:get:82] ======================================================================
2026-02-19 21:48:45 INFO     [lazy_logger.py:get:83] ✅ Secure Logger | Env: development | Level: INFO
2026-02-19 21:48:45 INFO     [lazy_logger.py:get:84] ⏰ UTC: 2026-02-19T13:48:45.173214+00:00
2026-02-19 21:48:45 INFO     [lazy_logger.py:get:85] ======================================================================
2026-02-19 21:48:46 INFO     [base_page.py:goto:76] Navigate to: https://www.baidu.com
2026-02-19 21:48:50 INFO     [base_page.py:goto:82] Page loaded in 3.70s
2026-02-19 21:48:50 INFO     [baidu_page.py:<module>:138] {'search_input': {'exists': True, 'visible': True, 'enabled': True, 'debug_info': {'strategy': 'css', 'context': 'page', 'attempts': [{'strategy': 'css', 'value': '#chat-textarea'}], 'exists': True, 'visible': True}}, 'search_button': {'exists': True, 'visible': True, 'enabled': True, 'debug_info': {'strategy': 'get_by_role+name', 'context': 'page', 'attempts': [{'strategy': 'role', 'value': ('button', '百度一下')}], 'exists': True, 'visible': True}}, 'logo': {'exists': True, 'debug_info': {'error': 'Locator.is_visible: Error: strict mode violation: get_by_role("img") resolved to 10 elements:\n    1) <img class="s-top-tab-image tab-image-one" src="data:image/png;base64,iVBORw0KGgoAAAANSUhEUgAAAE4AAAAqCAYAAAAdz21RAAAACXBIWXMAACE4AAAhOAFFljFgAAAAAXNSR0IArs4c6QAAAARnQU1BAACxjwv8YQUAAAr8SURBVHgB7VrvblTXEZ85e9fgFIr9BCxPAOoLYPq9wqB+QGlS26lS5UvLmhCUSlW9/hYpDV43UdsPLWyltEVqJZwXKOsnCDwByxOwDiYGe++Zzjkz59xz94+9u04kFHlgfe/ee/7O39/MWYATOqETOqEfLiEcg27UXzQI8A/oB+J/7g8Bmcz89Ms/zrbhDaHbt3tXgfIt4xbI6+MPuvuZs9l8o4FdmIIMHJfIc5//k2Oa/w69HrxZRDtyIfdBuSV41YU5mJKOzTjHNHJSDF+OpcPfDyFSt1iW8A2OSdnPfvvyKmKviV5pWIe9vRVTo…/> aka locator("#csaitab")\n    2) <img width="270" height="129" usemap="#mp" id="s_lg_img" hidefocus="true" class="index-logo-src" src="//search-operate.cdn.bcebos.com/b89032f94f2364a0b32cf2af8868ca14.gif" onerror="this.src=\'//www.baidu.com/img/flexible/logo/pc/index.png\';this.onerror=null;"/> aka locator("#s_lg_img")\n    3) <img src="https://psstatic.cdn.bcebos.com/basics/aichat/wenwenxin_127_1769511848000.png"/> aka get_by_role("img").nth(2)\n    4) <svg width="77" height="42" viewBox="0 0 77 42" xmlns="http://www.w3.org/2000/svg" class="svg_2cDwx ai-search-btn-svg_vi_CZ">…</svg> aka locator("#left-tool svg")\n    5) <svg width="20" height="20" fill="none" viewBox="0 0 20 20" xmlns="http://www.w3.org/2000/svg">…</svg> aka locator("#voice-input-wrapper").get_by_role("img")\n    6) <svg width="20" height="20" fill="none" viewBox="0 0 20 20" xmlns="http://www.w3.org/2000/svg">…</svg> aka get_by_role("img").nth(5)\n    7) <svg width="20" height="20" fill="none" viewBox="0 0 20 20" xmlns="http://www.w3.org/2000/svg">…</svg> aka locator("svg").nth(4)\n    8) <img src="https://psstatic.cdn.bcebos.com/aife/static/wenxinlogo_1770695621000.png"/> aka get_by_role("link", name="复杂问题就找文心助手，深入思考回答更优\ue6dc")\n    9) <img id="up-top" class="icon up-top-icon" src="https://psstatic.cdn.bcebos.com/basics/aichat/to-up-newer_1766568454000.svg"/> aka locator("#up-top")\n    10) <img class="icon" src="https://pss.bdstatic.com/static/superman/img/qrcode/qrcode@2x-daf987ad02.png"/> aka locator(".qrcode-layer > .icon")\n\nCall log:\n    - checking visibility of get_by_role("img")\n', 'type': 'Error'}}}
2026-02-19 21:59:06 INFO     [lazy_logger.py:get:82] ======================================================================
2026-02-19 21:59:06 INFO     [lazy_logger.py:get:83] ✅ Secure Logger | Env: development | Level: INFO
2026-02-19 21:59:06 INFO     [lazy_logger.py:get:84] ⏰ UTC: 2026-02-19T13:59:06.141411+00:00
2026-02-19 21:59:06 INFO     [lazy_logger.py:get:85] ======================================================================
2026-02-19 21:59:36 INFO     [lazy_logger.py:get:82] ======================================================================
2026-02-19 21:59:36 INFO     [lazy_logger.py:get:83] ✅ Secure Logger | Env: development | Level: INFO
2026-02-19 21:59:36 INFO     [lazy_logger.py:get:84] ⏰ UTC: 2026-02-19T13:59:36.717594+00:00
2026-02-19 21:59:36 INFO     [lazy_logger.py:get:85] ======================================================================
2026-02-19 22:00:40 INFO     [lazy_logger.py:get:82] ======================================================================
2026-02-19 22:00:40 INFO     [lazy_logger.py:get:83] ✅ Secure Logger | Env: development | Level: INFO
2026-02-19 22:00:40 INFO     [lazy_logger.py:get:84] ⏰ UTC: 2026-02-19T14:00:40.633512+00:00
2026-02-19 22:00:40 INFO     [lazy_logger.py:get:85] ======================================================================
2026-02-19 22:08:10 INFO     [lazy_logger.py:get:82] ======================================================================
2026-02-19 22:08:10 INFO     [lazy_logger.py:get:83] ✅ Secure Logger | Env: development | Level: INFO
2026-02-19 22:08:10 INFO     [lazy_logger.py:get:84] ⏰ UTC: 2026-02-19T14:08:10.007022+00:00
2026-02-19 22:08:10 INFO     [lazy_logger.py:get:85] ======================================================================
2026-02-19 22:08:10 INFO     [screenshot_helper.py:cleanup_screenshots:790] Cleaned up 0 screenshots from E:\Code\auto_test\output\screenshots
2026-02-19 22:08:10 INFO     [screenshot_helper.py:export_history:831] Exported 0 screenshot records to temp_history.json
2026-02-19 22:08:10 WARNING  [screenshot_helper.py:_attach_to_allure:893] Failed to attach screenshot to Allure: [Errno 2] No such file or directory: 'E:\\Code\\auto_test\\output\\screenshots\\test_element.png'
2026-02-19 22:08:10 INFO     [screenshot_helper.py:take_screenshot:349] Screenshot saved: E:\Code\auto_test\output\screenshots\test_element.png (18 bytes)
2026-02-19 22:08:10 WARNING  [screenshot_helper.py:_attach_to_allure:893] Failed to attach screenshot to Allure: [Errno 2] No such file or directory: 'E:\\Code\\auto_test\\output\\screenshots\\test_full_page.png'
2026-02-19 22:08:10 INFO     [screenshot_helper.py:take_screenshot:349] Screenshot saved: E:\Code\auto_test\output\screenshots\test_full_page.png (15 bytes)
2026-02-19 22:08:10 WARNING  [screenshot_helper.py:_attach_to_allure:893] Failed to attach screenshot to Allure: [Errno 2] No such file or directory: 'E:\\Code\\auto_test\\output\\screenshots\\test_viewport.png'
2026-02-19 22:08:10 INFO     [screenshot_helper.py:take_screenshot:349] Screenshot saved: E:\Code\auto_test\output\screenshots\test_viewport.png (15 bytes)
2026-02-19 22:52:47 INFO [automation:logger:setup_logger:577] ======================================================================
2026-02-19 22:52:47 INFO [automation:logger:setup_logger:578] ✅ Logger initialized: automation | Level: INFO
2026-02-19 22:52:47 INFO [automation:logger:setup_logger:579] 📁 Log directory: E:\Code\auto_test\logs
2026-02-19 22:52:47 INFO [automation:logger:setup_logger:580] 🌐 Environment: dev
2026-02-19 22:52:47 INFO [automation:logger:setup_logger:581] ⏰ UTC Time: 2026-02-19T14:52:47.991931+00:00
2026-02-19 22:52:47 INFO [automation:logger:setup_logger:582] ======================================================================
2026-02-19 22:52:54 INFO [automation:logger:setup_logger:577] ======================================================================
2026-02-19 22:52:54 INFO [automation:logger:setup_logger:578] ✅ Logger initialized: automation | Level: INFO
2026-02-19 22:52:54 INFO [automation:logger:setup_logger:579] 📁 Log directory: E:\Code\auto_test\logs
2026-02-19 22:52:54 INFO [automation:logger:setup_logger:580] 🌐 Environment: dev
2026-02-19 22:52:54 INFO [automation:logger:setup_logger:581] ⏰ UTC Time: 2026-02-19T14:52:54.507878+00:00
2026-02-19 22:52:54 INFO [automation:logger:setup_logger:582] ======================================================================
2026-02-19 22:52:54 ERROR [automation:visual_validator:validate:105] 测试图像不存在: screenshots\test_viewport.png
2026-02-19 22:52:54 INFO [automation:visual_validator:validate_directory:418] 目录验证完成: 总计 0, 通过 0, 失败 0, 通过率 0.00
2026-02-19 22:56:46 INFO [automation:logger:setup_logger:577] ======================================================================
2026-02-19 22:56:46 INFO [automation:logger:setup_logger:578] ✅ Logger initialized: automation | Level: INFO
2026-02-19 22:56:46 INFO [automation:logger:setup_logger:579] 📁 Log directory: E:\Code\auto_test\logs
2026-02-19 22:56:46 INFO [automation:logger:setup_logger:580] 🌐 Environment: dev
2026-02-19 22:56:46 INFO [automation:logger:setup_logger:581] ⏰ UTC Time: 2026-02-19T14:56:46.164880+00:00
2026-02-19 22:56:46 INFO [automation:logger:setup_logger:582] ======================================================================
2026-02-19 22:56:46 ERROR [automation:visual_validator:validate:105] 测试图像不存在: screenshots\test_viewport.png
2026-02-19 22:56:46 INFO [automation:visual_validator:validate_directory:418] 目录验证完成: 总计 0, 通过 0, 失败 0, 通过率 0.00
2026-02-19 22:59:07 INFO [automation:logger:setup_logger:577] ======================================================================
2026-02-19 22:59:07 INFO [automation:logger:setup_logger:578] ✅ Logger initialized: automation | Level: INFO
2026-02-19 22:59:07 INFO [automation:logger:setup_logger:579] 📁 Log directory: E:\Code\auto_test\logs
2026-02-19 22:59:07 INFO [automation:logger:setup_logger:580] 🌐 Environment: dev
2026-02-19 22:59:07 INFO [automation:logger:setup_logger:581] ⏰ UTC Time: 2026-02-19T14:59:07.047431+00:00
2026-02-19 22:59:07 INFO [automation:logger:setup_logger:582] ======================================================================
2026-02-19 22:59:07 INFO [automation:visual_validator:validate:181] 视觉验证结果: 通过 - 相似度: 1.0580, 阈值: 0.92
2026-02-19 22:59:07 WARNING [automation:visual_validator:validate:117] 基准图像不存在: screenshots\annotated_arrow.png
2026-02-19 22:59:07 WARNING [automation:visual_validator:validate:117] 基准图像不存在: screenshots\annotated_rectangle.png
2026-02-19 22:59:07 WARNING [automation:visual_validator:validate:117] 基准图像不存在: screenshots\annotated_text.png
2026-02-19 22:59:07 WARNING [automation:visual_validator:validate:117] 基准图像不存在: screenshots\compare_base.png
2026-02-19 22:59:07 WARNING [automation:visual_validator:validate:117] 基准图像不存在: screenshots\compare_current.png
2026-02-19 22:59:07 WARNING [automation:visual_validator:validate:117] 基准图像不存在: screenshots\compare_current_diff.png
2026-02-19 22:59:07 WARNING [automation:visual_validator:validate:117] 基准图像不存在: screenshots\context_highlight.png
2026-02-19 22:59:07 WARNING [automation:visual_validator:validate:117] 基准图像不存在: screenshots\highlighted_h1.png
2026-02-19 22:59:07 WARNING [automation:visual_validator:validate:117] 基准图像不存在: screenshots\quick_highlight.png
2026-02-19 22:59:07 INFO [automation:visual_validator:validate:181] 视觉验证结果: 通过 - 相似度: 1.0580, 阈值: 0.92
2026-02-19 22:59:07 INFO [automation:visual_validator:validate_directory:418] 目录验证完成: 总计 10, 通过 1, 失败 9, 通过率 0.10
